<?xml version="1.0" encoding="UTF-8"?>
<robot generator="Robot 3.2.1 (Python 3.8.3 on win32)" generated="20200717 02:26:09.777" rpa="false">
<suite id="s1" name="APEX Laufen" source="D:\robot_workspace\testsuits\APEX_Laufen">
<suite id="s1-s1" name="APX RUN smoke" source="D:\robot_workspace\testsuits\APEX_Laufen\APX_RUN_smoke.robot">
<test id="s1-s1-t1" name="open Login Page">
<kw name="Open Browser" library="Selenium2Library">
<doc>Opens a new browser instance to the optional ``url``.</doc>
<arguments>
<arg>${LOGIN URL}</arg>
<arg>${BROWSER}</arg>
</arguments>
<msg timestamp="20200717 02:26:10.019" level="INFO">Opening browser 'firefox' to base url 'https://apex.oracle.com/pls/apex/f?p=69537:LOGIN_DESKTOP'.</msg>
<msg timestamp="20200717 02:26:10.020" level="INFO">Firefox driver log is always forced to to: D:\robot_workspace\geckodriver-1.log</msg>
<status status="PASS" starttime="20200717 02:26:10.019" endtime="20200717 02:26:19.236"></status>
</kw>
<kw name="Set Selenium Speed" library="Selenium2Library">
<doc>Sets the delay that is waited after each Selenium command.</doc>
<arguments>
<arg>${DELAY}</arg>
</arguments>
<status status="PASS" starttime="20200717 02:26:19.237" endtime="20200717 02:26:19.237"></status>
</kw>
<kw name="Title Should Be" library="Selenium2Library">
<doc>Verifies that the current page title equals ``title``.</doc>
<arguments>
<arg>Laufen - Anmelden</arg>
</arguments>
<msg timestamp="20200717 02:26:19.240" level="INFO">Page title is 'Laufen - Anmelden'.</msg>
<status status="PASS" starttime="20200717 02:26:19.238" endtime="20200717 02:26:19.241"></status>
</kw>
<kw name="Log" library="BuiltIn">
<doc>Logs the given message with the given level.</doc>
<arguments>
<arg>user_json: ${VALID USER}</arg>
</arguments>
<msg timestamp="20200717 02:26:19.241" level="INFO">user_json: martin.seymann@chello.at</msg>
<status status="PASS" starttime="20200717 02:26:19.241" endtime="20200717 02:26:19.242"></status>
</kw>
<kw name="Log" library="BuiltIn">
<doc>Logs the given message with the given level.</doc>
<arguments>
<arg>password_json: ${VALID PASSWD}</arg>
</arguments>
<msg timestamp="20200717 02:26:19.242" level="INFO">password_json: Seymi4Apex</msg>
<status status="PASS" starttime="20200717 02:26:19.242" endtime="20200717 02:26:19.242"></status>
</kw>
<status status="PASS" starttime="20200717 02:26:10.018" endtime="20200717 02:26:19.243" critical="yes"></status>
</test>
<test id="s1-s1-t2" name="Perform Wrong credentials">
<kw name="Go To" library="Selenium2Library">
<doc>Navigates the current browser window to the provided ``url``.</doc>
<arguments>
<arg>${LOGIN URL}</arg>
</arguments>
<msg timestamp="20200717 02:26:19.246" level="INFO">Opening url 'https://apex.oracle.com/pls/apex/f?p=69537:LOGIN_DESKTOP'</msg>
<status status="PASS" starttime="20200717 02:26:19.246" endtime="20200717 02:26:20.228"></status>
</kw>
<kw name="Title Should Be" library="Selenium2Library">
<doc>Verifies that the current page title equals ``title``.</doc>
<arguments>
<arg>Laufen - Anmelden</arg>
</arguments>
<msg timestamp="20200717 02:26:20.243" level="INFO">Page title is 'Laufen - Anmelden'.</msg>
<status status="PASS" starttime="20200717 02:26:20.229" endtime="20200717 02:26:20.243"></status>
</kw>
<kw name="Page Should Contain Textfield" library="Selenium2Library">
<doc>Verifies text field ``locator`` is found from current page.</doc>
<arguments>
<arg>P9999_USERNAME</arg>
</arguments>
<msg timestamp="20200717 02:26:20.266" level="INFO">Current page contains text field 'P9999_USERNAME'.</msg>
<status status="PASS" starttime="20200717 02:26:20.244" endtime="20200717 02:26:20.266"></status>
</kw>
<kw name="Page Should Contain Textfield" library="Selenium2Library">
<doc>Verifies text field ``locator`` is found from current page.</doc>
<arguments>
<arg>P9999_PASSWORD</arg>
</arguments>
<msg timestamp="20200717 02:26:20.294" level="INFO">Current page contains text field 'P9999_PASSWORD'.</msg>
<status status="PASS" starttime="20200717 02:26:20.268" endtime="20200717 02:26:20.294"></status>
</kw>
<kw name="Input Text" library="Selenium2Library">
<doc>Types the given ``text`` into the text field identified by ``locator``.</doc>
<arguments>
<arg>P9999_USERNAME</arg>
<arg>${VALID USER}</arg>
</arguments>
<msg timestamp="20200717 02:26:20.295" level="INFO">Typing text 'martin.seymann@chello.at' into text field 'P9999_USERNAME'.</msg>
<status status="PASS" starttime="20200717 02:26:20.294" endtime="20200717 02:26:20.373"></status>
</kw>
<kw name="Input Password" library="Selenium2Library">
<doc>Types the given password into the text field identified by ``locator``.</doc>
<arguments>
<arg>P9999_PASSWORD</arg>
<arg>Wrong password</arg>
</arguments>
<msg timestamp="20200717 02:26:20.374" level="INFO">Typing password into text field 'P9999_PASSWORD'.</msg>
<msg timestamp="20200717 02:26:20.385" level="INFO">Temporally setting log level to: NONE</msg>
<msg timestamp="20200717 02:26:20.435" level="INFO">Log level changed from NONE to INFO.</msg>
<status status="PASS" starttime="20200717 02:26:20.374" endtime="20200717 02:26:20.435"></status>
</kw>
<kw name="Click Button" library="Selenium2Library">
<doc>Clicks the button identified by ``locator``.</doc>
<arguments>
<arg>P9999_LOGIN</arg>
</arguments>
<msg timestamp="20200717 02:26:20.437" level="INFO">Clicking button 'P9999_LOGIN'.</msg>
<status status="PASS" starttime="20200717 02:26:20.436" endtime="20200717 02:26:20.696"></status>
</kw>
<kw name="Sleep" library="BuiltIn">
<doc>Pauses the test executed for the given time.</doc>
<arguments>
<arg>2</arg>
</arguments>
<msg timestamp="20200717 02:26:22.700" level="INFO">Slept 2 seconds</msg>
<status status="PASS" starttime="20200717 02:26:20.699" endtime="20200717 02:26:22.701"></status>
</kw>
<kw name="Page Should Contain" library="Selenium2Library">
<doc>Verifies that current page contains ``text``.</doc>
<arguments>
<arg>Ungültige Zugangsdaten für die Anmeldung</arg>
</arguments>
<msg timestamp="20200717 02:26:22.728" level="INFO">Current page contains text 'Ungültige Zugangsdaten für die Anmeldung'.</msg>
<status status="PASS" starttime="20200717 02:26:22.706" endtime="20200717 02:26:22.728"></status>
</kw>
<kw name="Sleep" library="BuiltIn">
<doc>Pauses the test executed for the given time.</doc>
<arguments>
<arg>12</arg>
</arguments>
<msg timestamp="20200717 02:26:34.731" level="INFO">Slept 12 seconds</msg>
<status status="PASS" starttime="20200717 02:26:22.729" endtime="20200717 02:26:34.731"></status>
</kw>
<status status="PASS" starttime="20200717 02:26:19.245" endtime="20200717 02:26:34.732" critical="yes"></status>
</test>
<test id="s1-s1-t3" name="Perform correct credentials">
<kw name="Go To" library="Selenium2Library">
<doc>Navigates the current browser window to the provided ``url``.</doc>
<arguments>
<arg>${LOGIN URL}</arg>
</arguments>
<msg timestamp="20200717 02:26:34.735" level="INFO">Opening url 'https://apex.oracle.com/pls/apex/f?p=69537:LOGIN_DESKTOP'</msg>
<status status="PASS" starttime="20200717 02:26:34.735" endtime="20200717 02:26:36.058"></status>
</kw>
<kw name="Title Should Be" library="Selenium2Library">
<doc>Verifies that the current page title equals ``title``.</doc>
<arguments>
<arg>Laufen - Anmelden</arg>
</arguments>
<msg timestamp="20200717 02:26:36.071" level="INFO">Page title is 'Laufen - Anmelden'.</msg>
<status status="PASS" starttime="20200717 02:26:36.059" endtime="20200717 02:26:36.072"></status>
</kw>
<kw name="Page Should Contain Textfield" library="Selenium2Library">
<doc>Verifies text field ``locator`` is found from current page.</doc>
<arguments>
<arg>P9999_USERNAME</arg>
</arguments>
<msg timestamp="20200717 02:26:36.097" level="INFO">Current page contains text field 'P9999_USERNAME'.</msg>
<status status="PASS" starttime="20200717 02:26:36.073" endtime="20200717 02:26:36.097"></status>
</kw>
<kw name="Page Should Contain Textfield" library="Selenium2Library">
<doc>Verifies text field ``locator`` is found from current page.</doc>
<arguments>
<arg>P9999_PASSWORD</arg>
</arguments>
<msg timestamp="20200717 02:26:36.122" level="INFO">Current page contains text field 'P9999_PASSWORD'.</msg>
<status status="PASS" starttime="20200717 02:26:36.099" endtime="20200717 02:26:36.122"></status>
</kw>
<kw name="Input Text" library="Selenium2Library">
<doc>Types the given ``text`` into the text field identified by ``locator``.</doc>
<arguments>
<arg>P9999_USERNAME</arg>
<arg>${VALID USER}</arg>
</arguments>
<msg timestamp="20200717 02:26:36.123" level="INFO">Typing text 'martin.seymann@chello.at' into text field 'P9999_USERNAME'.</msg>
<status status="PASS" starttime="20200717 02:26:36.123" endtime="20200717 02:26:36.197"></status>
</kw>
<kw name="Input Password" library="Selenium2Library">
<doc>Types the given password into the text field identified by ``locator``.</doc>
<arguments>
<arg>P9999_PASSWORD</arg>
<arg>${VALID PASSWD}</arg>
</arguments>
<msg timestamp="20200717 02:26:36.198" level="INFO">Typing password into text field 'P9999_PASSWORD'.</msg>
<msg timestamp="20200717 02:26:36.208" level="INFO">Temporally setting log level to: NONE</msg>
<msg timestamp="20200717 02:26:36.238" level="INFO">Log level changed from NONE to INFO.</msg>
<status status="PASS" starttime="20200717 02:26:36.198" endtime="20200717 02:26:36.239"></status>
</kw>
<kw name="Click Button" library="Selenium2Library">
<doc>Clicks the button identified by ``locator``.</doc>
<arguments>
<arg>P9999_LOGIN</arg>
</arguments>
<msg timestamp="20200717 02:26:36.239" level="INFO">Clicking button 'P9999_LOGIN'.</msg>
<status status="PASS" starttime="20200717 02:26:36.239" endtime="20200717 02:26:36.492"></status>
</kw>
<kw name="Sleep" library="BuiltIn">
<doc>Pauses the test executed for the given time.</doc>
<arguments>
<arg>8</arg>
</arguments>
<msg timestamp="20200717 02:26:44.493" level="INFO">Slept 8 seconds</msg>
<status status="PASS" starttime="20200717 02:26:36.492" endtime="20200717 02:26:44.493"></status>
</kw>
<kw name="Location Should Contain" library="Selenium2Library">
<doc>Verifies that the current URL contains ``expected``.</doc>
<arguments>
<arg>${SUCCESS URL}</arg>
</arguments>
<msg timestamp="20200717 02:26:44.496" level="INFO">Current location contains 'https://apex.oracle.com/pls/apex/f?p=69537:1'.</msg>
<status status="PASS" starttime="20200717 02:26:44.494" endtime="20200717 02:26:44.496"></status>
</kw>
<status status="PASS" starttime="20200717 02:26:34.734" endtime="20200717 02:26:44.498" critical="yes"></status>
</test>
<test id="s1-s1-t4" name="Task Teardown">
<kw name="Close Browser" library="Selenium2Library">
<doc>Closes the current browser.</doc>
<status status="PASS" starttime="20200717 02:26:44.500" endtime="20200717 02:26:46.422"></status>
</kw>
<status status="PASS" starttime="20200717 02:26:44.499" endtime="20200717 02:26:46.849" critical="yes"></status>
</test>
<status status="PASS" starttime="20200717 02:26:09.807" endtime="20200717 02:26:47.077"></status>
</suite>
<status status="PASS" starttime="20200717 02:26:09.779" endtime="20200717 02:26:47.218"></status>
</suite>
<statistics>
<total>
<stat pass="4" fail="0">Critical Tests</stat>
<stat pass="4" fail="0">All Tests</stat>
</total>
<tag>
</tag>
<suite>
<stat pass="4" fail="0" id="s1" name="APEX Laufen">APEX Laufen</stat>
<stat pass="4" fail="0" id="s1-s1" name="APX RUN smoke">APEX Laufen.APX RUN smoke</stat>
</suite>
</statistics>
<errors>
</errors>
</robot>
